0 info it worked if it ends with ok
1 verbose cli [ '/home/julio.cabral/.nvm/versions/node/v5.6.0/bin/node',
1 verbose cli   '/home/julio.cabral/.nvm/versions/node/v5.6.0/bin/npm',
1 verbose cli   'run',
1 verbose cli   'gulp' ]
2 info using npm@3.6.0
3 info using node@v5.6.0
4 verbose run-script [ 'pregulp', 'gulp', 'postgulp' ]
5 info lifecycle projeto@1.0.0~pregulp: projeto@1.0.0
6 silly lifecycle projeto@1.0.0~pregulp: no script for pregulp, continuing
7 info lifecycle projeto@1.0.0~gulp: projeto@1.0.0
8 verbose lifecycle projeto@1.0.0~gulp: unsafe-perm in lifecycle true
9 verbose lifecycle projeto@1.0.0~gulp: PATH: /home/julio.cabral/.nvm/versions/node/v5.6.0/lib/node_modules/npm/bin/node-gyp-bin:/home/julio.cabral/projetos/alura/gulp/01-capitulo/projeto/node_modules/.bin:/usr/local/heroku/bin:/home/julio.cabral/.nvm/versions/node/v5.6.0/bin:/home/julio.cabral/.sdkman/candidates/grails/current/bin:/home/julio.cabral/.sdkman/candidates/gradle/current/bin:/usr/local/sbin:/usr/local/bin:/usr/sbin:/usr/bin:/sbin:/bin:/usr/games:/usr/local/games:/usr/lib/jvm/java-8-oracle/bin:/usr/lib/jvm/java-8-oracle/db/bin:/usr/lib/jvm/java-8-oracle/jre/bin:/usr/lib/jvm/java-8-oracle/bin:/usr/lib/jvm/java-8-oracle/db/bin:/usr/lib/jvm/java-8-oracle/jre/bin:/home/julio.cabral/projetos/b2w/lasa-hydra/scripts
10 verbose lifecycle projeto@1.0.0~gulp: CWD: /home/julio.cabral/projetos/alura/gulp/01-capitulo/projeto
11 silly lifecycle projeto@1.0.0~gulp: Args: [ '-c', 'gulp' ]
12 silly lifecycle projeto@1.0.0~gulp: Returned: code: 1  signal: null
13 info lifecycle projeto@1.0.0~gulp: Failed to exec gulp script
14 verbose stack Error: projeto@1.0.0 gulp: `gulp`
14 verbose stack Exit status 1
14 verbose stack     at EventEmitter.<anonymous> (/home/julio.cabral/.nvm/versions/node/v5.6.0/lib/node_modules/npm/lib/utils/lifecycle.js:232:16)
14 verbose stack     at emitTwo (events.js:100:13)
14 verbose stack     at EventEmitter.emit (events.js:185:7)
14 verbose stack     at ChildProcess.<anonymous> (/home/julio.cabral/.nvm/versions/node/v5.6.0/lib/node_modules/npm/lib/utils/spawn.js:24:14)
14 verbose stack     at emitTwo (events.js:100:13)
14 verbose stack     at ChildProcess.emit (events.js:185:7)
14 verbose stack     at maybeClose (internal/child_process.js:827:16)
14 verbose stack     at Process.ChildProcess._handle.onexit (internal/child_process.js:211:5)
15 verbose pkgid projeto@1.0.0
16 verbose cwd /home/julio.cabral/projetos/alura/gulp/01-capitulo/projeto
17 error Linux 3.13.0-85-generic
18 error argv "/home/julio.cabral/.nvm/versions/node/v5.6.0/bin/node" "/home/julio.cabral/.nvm/versions/node/v5.6.0/bin/npm" "run" "gulp"
19 error node v5.6.0
20 error npm  v3.6.0
21 error code ELIFECYCLE
22 error projeto@1.0.0 gulp: `gulp`
22 error Exit status 1
23 error Failed at the projeto@1.0.0 gulp script 'gulp'.
23 error Make sure you have the latest version of node.js and npm installed.
23 error If you do, this is most likely a problem with the projeto package,
23 error not with npm itself.
23 error Tell the author that this fails on your system:
23 error     gulp
23 error You can get information on how to open an issue for this project with:
23 error     npm bugs projeto
23 error Or if that isn't available, you can get their info via:
23 error     npm owner ls projeto
23 error There is likely additional logging output above.
24 verbose exit [ 1, true ]
